<?xml version="1.0" encoding="UTF-8"?>
<testng-results ignored="0" total="1" passed="1" failed="0" skipped="0">
  <reporter-output>
  </reporter-output>
  <suite started-at="2023-02-18T09:11:42 IST" name="Default suite" finished-at="2023-02-18T09:12:25 IST" duration-ms="42719">
    <groups>
    </groups>
    <test started-at="2023-02-18T09:11:42 IST" name="Default test" finished-at="2023-02-18T09:12:25 IST" duration-ms="42719">
      <class name="testscripts.ThirdTest">
        <test-method is-config="true" signature="classConfiguration()[pri:0, instance:testscripts.ThirdTest@c88a337]" started-at="2023-02-18T09:11:42 IST" name="classConfiguration" finished-at="2023-02-18T09:11:42 IST" duration-ms="531" status="PASS">
          <reporter-output>
          </reporter-output>
        </test-method> <!-- classConfiguration -->
        <test-method is-config="true" signature="methodConfiguration()[pri:0, instance:testscripts.ThirdTest@c88a337]" started-at="2023-02-18T09:11:42 IST" name="methodConfiguration" finished-at="2023-02-18T09:11:49 IST" duration-ms="6311" status="PASS">
          <reporter-output>
          </reporter-output>
        </test-method> <!-- methodConfiguration -->
        <test-method signature="thirdTest()[pri:0, instance:testscripts.ThirdTest@c88a337]" started-at="2023-02-18T09:11:49 IST" name="thirdTest" finished-at="2023-02-18T09:12:24 IST" duration-ms="35517" status="PASS">
          <reporter-output>
          </reporter-output>
        </test-method> <!-- thirdTest -->
        <test-method is-config="true" signature="methodTearDown()[pri:0, instance:testscripts.ThirdTest@c88a337]" started-at="2023-02-18T09:12:24 IST" name="methodTearDown" finished-at="2023-02-18T09:12:25 IST" duration-ms="329" status="PASS">
          <reporter-output>
          </reporter-output>
        </test-method> <!-- methodTearDown -->
        <test-method is-config="true" signature="classTearDown()[pri:0, instance:testscripts.ThirdTest@c88a337]" started-at="2023-02-18T09:12:25 IST" name="classTearDown" finished-at="2023-02-18T09:12:25 IST" duration-ms="1" status="PASS">
          <reporter-output>
          </reporter-output>
        </test-method> <!-- classTearDown -->
      </class> <!-- testscripts.ThirdTest -->
    </test> <!-- Default test -->
  </suite> <!-- Default suite -->
</testng-results>
